  ConsoleApplication1.cpp
D:\Subject\ĐHMT\Code\ConsoleApplication1\ConsoleApplication1\ConsoleApplication1.cpp(21,12): warning C4305: 'initializing': truncation from 'double' to 'float'
D:\Subject\ĐHMT\Code\ConsoleApplication1\ConsoleApplication1\ConsoleApplication1.cpp(34,18): warning C4305: 'initializing': truncation from 'double' to 'float'
D:\Subject\ĐHMT\Code\ConsoleApplication1\ConsoleApplication1\ConsoleApplication1.cpp(68,15): warning C4244: 'initializing': conversion from 'double' to 'float', possible loss of data
D:\Subject\ĐHMT\Code\ConsoleApplication1\ConsoleApplication1\ConsoleApplication1.cpp(101,24): warning C4305: 'initializing': truncation from 'double' to 'GLfloat'
D:\Subject\ĐHMT\Code\ConsoleApplication1\ConsoleApplication1\ConsoleApplication1.cpp(101,29): warning C4305: 'initializing': truncation from 'double' to 'GLfloat'
D:\Subject\ĐHMT\Code\ConsoleApplication1\ConsoleApplication1\ConsoleApplication1.cpp(123,25): warning C4305: 'initializing': truncation from 'double' to 'GLfloat'
D:\Subject\ĐHMT\Code\ConsoleApplication1\ConsoleApplication1\ConsoleApplication1.cpp(123,35): warning C4305: 'initializing': truncation from 'double' to 'GLfloat'
D:\Subject\ĐHMT\Code\ConsoleApplication1\ConsoleApplication1\ConsoleApplication1.cpp(133,15): warning C4305: 'argument': truncation from 'double' to 'GLfloat'
D:\Subject\ĐHMT\Code\ConsoleApplication1\ConsoleApplication1\ConsoleApplication1.cpp(144,22): warning C4305: 'argument': truncation from 'double' to 'GLfloat'
D:\Subject\ĐHMT\Code\ConsoleApplication1\ConsoleApplication1\ConsoleApplication1.cpp(144,17): warning C4305: 'argument': truncation from 'double' to 'GLfloat'
D:\Subject\ĐHMT\Code\ConsoleApplication1\ConsoleApplication1\ConsoleApplication1.cpp(149,26): warning C4305: 'argument': truncation from 'double' to 'GLfloat'
D:\Subject\ĐHMT\Code\ConsoleApplication1\ConsoleApplication1\ConsoleApplication1.cpp(149,21): warning C4305: 'argument': truncation from 'double' to 'GLfloat'
D:\Subject\ĐHMT\Code\ConsoleApplication1\ConsoleApplication1\ConsoleApplication1.cpp(149,16): warning C4305: 'argument': truncation from 'double' to 'GLfloat'
D:\Subject\ĐHMT\Code\ConsoleApplication1\ConsoleApplication1\ConsoleApplication1.cpp(150,23): warning C4305: 'argument': truncation from 'double' to 'GLfloat'
D:\Subject\ĐHMT\Code\ConsoleApplication1\ConsoleApplication1\ConsoleApplication1.cpp(150,17): warning C4305: 'argument': truncation from 'double' to 'GLfloat'
D:\Subject\ĐHMT\Code\ConsoleApplication1\ConsoleApplication1\ConsoleApplication1.cpp(150,11): warning C4305: 'argument': truncation from 'double' to 'GLfloat'
D:\Subject\ĐHMT\Code\ConsoleApplication1\ConsoleApplication1\ConsoleApplication1.cpp(162,27): warning C4305: 'argument': truncation from 'double' to 'GLfloat'
D:\Subject\ĐHMT\Code\ConsoleApplication1\ConsoleApplication1\ConsoleApplication1.cpp(162,21): warning C4305: 'argument': truncation from 'double' to 'GLfloat'
D:\Subject\ĐHMT\Code\ConsoleApplication1\ConsoleApplication1\ConsoleApplication1.cpp(163,21): warning C4305: 'argument': truncation from 'double' to 'GLfloat'
D:\Subject\ĐHMT\Code\ConsoleApplication1\ConsoleApplication1\ConsoleApplication1.cpp(163,16): warning C4305: 'argument': truncation from 'double' to 'GLfloat'
D:\Subject\ĐHMT\Code\ConsoleApplication1\ConsoleApplication1\ConsoleApplication1.cpp(163,11): warning C4305: 'argument': truncation from 'double' to 'GLfloat'
D:\Subject\ĐHMT\Code\ConsoleApplication1\ConsoleApplication1\ConsoleApplication1.cpp(172,22): warning C4305: 'argument': truncation from 'double' to 'GLfloat'
D:\Subject\ĐHMT\Code\ConsoleApplication1\ConsoleApplication1\ConsoleApplication1.cpp(172,17): warning C4305: 'argument': truncation from 'double' to 'GLfloat'
D:\Subject\ĐHMT\Code\ConsoleApplication1\ConsoleApplication1\ConsoleApplication1.cpp(177,27): warning C4305: 'argument': truncation from 'double' to 'GLfloat'
D:\Subject\ĐHMT\Code\ConsoleApplication1\ConsoleApplication1\ConsoleApplication1.cpp(177,21): warning C4305: 'argument': truncation from 'double' to 'GLfloat'
D:\Subject\ĐHMT\Code\ConsoleApplication1\ConsoleApplication1\ConsoleApplication1.cpp(177,16): warning C4305: 'argument': truncation from 'double' to 'GLfloat'
D:\Subject\ĐHMT\Code\ConsoleApplication1\ConsoleApplication1\ConsoleApplication1.cpp(178,23): warning C4305: 'argument': truncation from 'double' to 'GLfloat'
D:\Subject\ĐHMT\Code\ConsoleApplication1\ConsoleApplication1\ConsoleApplication1.cpp(178,17): warning C4305: 'argument': truncation from 'double' to 'GLfloat'
D:\Subject\ĐHMT\Code\ConsoleApplication1\ConsoleApplication1\ConsoleApplication1.cpp(178,11): warning C4305: 'argument': truncation from 'double' to 'GLfloat'
D:\Subject\ĐHMT\Code\ConsoleApplication1\ConsoleApplication1\ConsoleApplication1.cpp(190,28): warning C4305: 'argument': truncation from 'double' to 'GLfloat'
D:\Subject\ĐHMT\Code\ConsoleApplication1\ConsoleApplication1\ConsoleApplication1.cpp(190,21): warning C4305: 'argument': truncation from 'double' to 'GLfloat'
D:\Subject\ĐHMT\Code\ConsoleApplication1\ConsoleApplication1\ConsoleApplication1.cpp(191,21): warning C4305: 'argument': truncation from 'double' to 'GLfloat'
D:\Subject\ĐHMT\Code\ConsoleApplication1\ConsoleApplication1\ConsoleApplication1.cpp(191,16): warning C4305: 'argument': truncation from 'double' to 'GLfloat'
D:\Subject\ĐHMT\Code\ConsoleApplication1\ConsoleApplication1\ConsoleApplication1.cpp(191,11): warning C4305: 'argument': truncation from 'double' to 'GLfloat'
D:\Subject\ĐHMT\Code\ConsoleApplication1\ConsoleApplication1\ConsoleApplication1.cpp(201,22): warning C4305: 'argument': truncation from 'double' to 'GLfloat'
D:\Subject\ĐHMT\Code\ConsoleApplication1\ConsoleApplication1\ConsoleApplication1.cpp(201,12): warning C4305: 'argument': truncation from 'double' to 'GLfloat'
D:\Subject\ĐHMT\Code\ConsoleApplication1\ConsoleApplication1\ConsoleApplication1.cpp(206,27): warning C4305: 'argument': truncation from 'double' to 'GLfloat'
D:\Subject\ĐHMT\Code\ConsoleApplication1\ConsoleApplication1\ConsoleApplication1.cpp(206,16): warning C4305: 'argument': truncation from 'double' to 'GLfloat'
D:\Subject\ĐHMT\Code\ConsoleApplication1\ConsoleApplication1\ConsoleApplication1.cpp(207,21): warning C4305: 'argument': truncation from 'double' to 'GLfloat'
D:\Subject\ĐHMT\Code\ConsoleApplication1\ConsoleApplication1\ConsoleApplication1.cpp(207,16): warning C4305: 'argument': truncation from 'double' to 'GLfloat'
D:\Subject\ĐHMT\Code\ConsoleApplication1\ConsoleApplication1\ConsoleApplication1.cpp(207,11): warning C4305: 'argument': truncation from 'double' to 'GLfloat'
D:\Subject\ĐHMT\Code\ConsoleApplication1\ConsoleApplication1\ConsoleApplication1.cpp(221,21): warning C4305: 'argument': truncation from 'double' to 'GLfloat'
D:\Subject\ĐHMT\Code\ConsoleApplication1\ConsoleApplication1\ConsoleApplication1.cpp(221,16): warning C4305: 'argument': truncation from 'double' to 'GLfloat'
D:\Subject\ĐHMT\Code\ConsoleApplication1\ConsoleApplication1\ConsoleApplication1.cpp(222,54): warning C4305: 'argument': truncation from 'double' to 'float'
D:\Subject\ĐHMT\Code\ConsoleApplication1\ConsoleApplication1\ConsoleApplication1.cpp(222,42): warning C4305: 'argument': truncation from 'double' to 'float'
D:\Subject\ĐHMT\Code\ConsoleApplication1\ConsoleApplication1\ConsoleApplication1.cpp(233,21): warning C4305: 'argument': truncation from 'double' to 'GLfloat'
D:\Subject\ĐHMT\Code\ConsoleApplication1\ConsoleApplication1\ConsoleApplication1.cpp(233,16): warning C4305: 'argument': truncation from 'double' to 'GLfloat'
D:\Subject\ĐHMT\Code\ConsoleApplication1\ConsoleApplication1\ConsoleApplication1.cpp(234,54): warning C4305: 'argument': truncation from 'double' to 'float'
D:\Subject\ĐHMT\Code\ConsoleApplication1\ConsoleApplication1\ConsoleApplication1.cpp(234,42): warning C4305: 'argument': truncation from 'double' to 'float'
D:\Subject\ĐHMT\Code\ConsoleApplication1\ConsoleApplication1\ConsoleApplication1.cpp(248,21): warning C4305: 'argument': truncation from 'double' to 'GLfloat'
D:\Subject\ĐHMT\Code\ConsoleApplication1\ConsoleApplication1\ConsoleApplication1.cpp(248,15): warning C4305: 'argument': truncation from 'double' to 'GLfloat'
D:\Subject\ĐHMT\Code\ConsoleApplication1\ConsoleApplication1\ConsoleApplication1.cpp(250,26): warning C4305: 'argument': truncation from 'double' to 'float'
D:\Subject\ĐHMT\Code\ConsoleApplication1\ConsoleApplication1\ConsoleApplication1.cpp(260,21): warning C4305: 'argument': truncation from 'double' to 'GLfloat'
D:\Subject\ĐHMT\Code\ConsoleApplication1\ConsoleApplication1\ConsoleApplication1.cpp(260,15): warning C4305: 'argument': truncation from 'double' to 'GLfloat'
D:\Subject\ĐHMT\Code\ConsoleApplication1\ConsoleApplication1\ConsoleApplication1.cpp(262,26): warning C4305: 'argument': truncation from 'double' to 'float'
D:\Subject\ĐHMT\Code\ConsoleApplication1\ConsoleApplication1\ConsoleApplication1.cpp(273,21): warning C4305: 'argument': truncation from 'double' to 'GLfloat'
D:\Subject\ĐHMT\Code\ConsoleApplication1\ConsoleApplication1\ConsoleApplication1.cpp(273,15): warning C4305: 'argument': truncation from 'double' to 'GLfloat'
D:\Subject\ĐHMT\Code\ConsoleApplication1\ConsoleApplication1\ConsoleApplication1.cpp(275,26): warning C4305: 'argument': truncation from 'double' to 'float'
D:\Subject\ĐHMT\Code\ConsoleApplication1\ConsoleApplication1\ConsoleApplication1.cpp(285,21): warning C4305: 'argument': truncation from 'double' to 'GLfloat'
D:\Subject\ĐHMT\Code\ConsoleApplication1\ConsoleApplication1\ConsoleApplication1.cpp(287,26): warning C4305: 'argument': truncation from 'double' to 'float'
D:\Subject\ĐHMT\Code\ConsoleApplication1\ConsoleApplication1\ConsoleApplication1.cpp(298,21): warning C4305: 'argument': truncation from 'double' to 'GLfloat'
D:\Subject\ĐHMT\Code\ConsoleApplication1\ConsoleApplication1\ConsoleApplication1.cpp(298,15): warning C4305: 'argument': truncation from 'double' to 'GLfloat'
D:\Subject\ĐHMT\Code\ConsoleApplication1\ConsoleApplication1\ConsoleApplication1.cpp(300,26): warning C4305: 'argument': truncation from 'double' to 'float'
D:\Subject\ĐHMT\Code\ConsoleApplication1\ConsoleApplication1\ConsoleApplication1.cpp(310,21): warning C4305: 'argument': truncation from 'double' to 'GLfloat'
D:\Subject\ĐHMT\Code\ConsoleApplication1\ConsoleApplication1\ConsoleApplication1.cpp(310,15): warning C4305: 'argument': truncation from 'double' to 'GLfloat'
D:\Subject\ĐHMT\Code\ConsoleApplication1\ConsoleApplication1\ConsoleApplication1.cpp(312,26): warning C4305: 'argument': truncation from 'double' to 'float'
D:\Subject\ĐHMT\Code\ConsoleApplication1\ConsoleApplication1\ConsoleApplication1.cpp(324,21): warning C4305: 'argument': truncation from 'double' to 'GLfloat'
D:\Subject\ĐHMT\Code\ConsoleApplication1\ConsoleApplication1\ConsoleApplication1.cpp(324,15): warning C4305: 'argument': truncation from 'double' to 'GLfloat'
D:\Subject\ĐHMT\Code\ConsoleApplication1\ConsoleApplication1\ConsoleApplication1.cpp(326,26): warning C4305: 'argument': truncation from 'double' to 'float'
D:\Subject\ĐHMT\Code\ConsoleApplication1\ConsoleApplication1\ConsoleApplication1.cpp(336,21): warning C4305: 'argument': truncation from 'double' to 'GLfloat'
D:\Subject\ĐHMT\Code\ConsoleApplication1\ConsoleApplication1\ConsoleApplication1.cpp(336,15): warning C4305: 'argument': truncation from 'double' to 'GLfloat'
D:\Subject\ĐHMT\Code\ConsoleApplication1\ConsoleApplication1\ConsoleApplication1.cpp(338,26): warning C4305: 'argument': truncation from 'double' to 'float'
D:\Subject\ĐHMT\Code\ConsoleApplication1\ConsoleApplication1\ConsoleApplication1.cpp(350,21): warning C4305: 'argument': truncation from 'double' to 'GLfloat'
D:\Subject\ĐHMT\Code\ConsoleApplication1\ConsoleApplication1\ConsoleApplication1.cpp(350,15): warning C4305: 'argument': truncation from 'double' to 'GLfloat'
D:\Subject\ĐHMT\Code\ConsoleApplication1\ConsoleApplication1\ConsoleApplication1.cpp(352,26): warning C4305: 'argument': truncation from 'double' to 'float'
D:\Subject\ĐHMT\Code\ConsoleApplication1\ConsoleApplication1\ConsoleApplication1.cpp(362,22): warning C4305: 'argument': truncation from 'double' to 'GLfloat'
D:\Subject\ĐHMT\Code\ConsoleApplication1\ConsoleApplication1\ConsoleApplication1.cpp(362,15): warning C4305: 'argument': truncation from 'double' to 'GLfloat'
D:\Subject\ĐHMT\Code\ConsoleApplication1\ConsoleApplication1\ConsoleApplication1.cpp(364,26): warning C4305: 'argument': truncation from 'double' to 'float'
D:\Subject\ĐHMT\Code\ConsoleApplication1\ConsoleApplication1\ConsoleApplication1.cpp(376,21): warning C4305: 'argument': truncation from 'double' to 'GLfloat'
D:\Subject\ĐHMT\Code\ConsoleApplication1\ConsoleApplication1\ConsoleApplication1.cpp(376,15): warning C4305: 'argument': truncation from 'double' to 'GLfloat'
D:\Subject\ĐHMT\Code\ConsoleApplication1\ConsoleApplication1\ConsoleApplication1.cpp(378,26): warning C4305: 'argument': truncation from 'double' to 'float'
D:\Subject\ĐHMT\Code\ConsoleApplication1\ConsoleApplication1\ConsoleApplication1.cpp(388,21): warning C4305: 'argument': truncation from 'double' to 'GLfloat'
D:\Subject\ĐHMT\Code\ConsoleApplication1\ConsoleApplication1\ConsoleApplication1.cpp(388,15): warning C4305: 'argument': truncation from 'double' to 'GLfloat'
D:\Subject\ĐHMT\Code\ConsoleApplication1\ConsoleApplication1\ConsoleApplication1.cpp(390,26): warning C4305: 'argument': truncation from 'double' to 'float'
D:\Subject\ĐHMT\Code\ConsoleApplication1\ConsoleApplication1\ConsoleApplication1.cpp(401,25): warning C4305: 'initializing': truncation from 'double' to 'GLfloat'
D:\Subject\ĐHMT\Code\ConsoleApplication1\ConsoleApplication1\ConsoleApplication1.cpp(401,31): warning C4305: 'initializing': truncation from 'double' to 'GLfloat'
D:\Subject\ĐHMT\Code\ConsoleApplication1\ConsoleApplication1\ConsoleApplication1.cpp(401,36): warning C4305: 'initializing': truncation from 'double' to 'GLfloat'
D:\Subject\ĐHMT\Code\ConsoleApplication1\ConsoleApplication1\ConsoleApplication1.cpp(413,16): warning C4305: 'argument': truncation from 'double' to 'GLfloat'
D:\Subject\ĐHMT\Code\ConsoleApplication1\ConsoleApplication1\ConsoleApplication1.cpp(414,20): warning C4305: 'argument': truncation from 'double' to 'GLfloat'
D:\Subject\ĐHMT\Code\ConsoleApplication1\ConsoleApplication1\ConsoleApplication1.cpp(429,16): warning C4305: 'argument': truncation from 'double' to 'GLfloat'
D:\Subject\ĐHMT\Code\ConsoleApplication1\ConsoleApplication1\ConsoleApplication1.cpp(430,20): warning C4305: 'argument': truncation from 'double' to 'GLfloat'
D:\Subject\ĐHMT\Code\ConsoleApplication1\ConsoleApplication1\ConsoleApplication1.cpp(443,25): warning C4305: 'initializing': truncation from 'double' to 'GLfloat'
D:\Subject\ĐHMT\Code\ConsoleApplication1\ConsoleApplication1\ConsoleApplication1.cpp(443,30): warning C4305: 'initializing': truncation from 'double' to 'GLfloat'
D:\Subject\ĐHMT\Code\ConsoleApplication1\ConsoleApplication1\ConsoleApplication1.cpp(456,16): warning C4305: 'argument': truncation from 'double' to 'GLfloat'
D:\Subject\ĐHMT\Code\ConsoleApplication1\ConsoleApplication1\ConsoleApplication1.cpp(457,20): warning C4305: 'argument': truncation from 'double' to 'GLfloat'
D:\Subject\ĐHMT\Code\ConsoleApplication1\ConsoleApplication1\ConsoleApplication1.cpp(457,15): warning C4305: 'argument': truncation from 'double' to 'GLfloat'
D:\Subject\ĐHMT\Code\ConsoleApplication1\ConsoleApplication1\ConsoleApplication1.cpp(472,16): warning C4305: 'argument': truncation from 'double' to 'GLfloat'
D:\Subject\ĐHMT\Code\ConsoleApplication1\ConsoleApplication1\ConsoleApplication1.cpp(473,20): warning C4305: 'argument': truncation from 'double' to 'GLfloat'
D:\Subject\ĐHMT\Code\ConsoleApplication1\ConsoleApplication1\ConsoleApplication1.cpp(473,15): warning C4305: 'argument': truncation from 'double' to 'GLfloat'
D:\Subject\ĐHMT\Code\ConsoleApplication1\ConsoleApplication1\ConsoleApplication1.cpp(481,12): warning C4305: 'argument': truncation from 'double' to 'GLfloat'
D:\Subject\ĐHMT\Code\ConsoleApplication1\ConsoleApplication1\ConsoleApplication1.cpp(493,22): warning C4305: 'argument': truncation from 'double' to 'GLfloat'
D:\Subject\ĐHMT\Code\ConsoleApplication1\ConsoleApplication1\ConsoleApplication1.cpp(493,17): warning C4305: 'argument': truncation from 'double' to 'GLfloat'
D:\Subject\ĐHMT\Code\ConsoleApplication1\ConsoleApplication1\ConsoleApplication1.cpp(493,12): warning C4305: 'argument': truncation from 'double' to 'GLfloat'
D:\Subject\ĐHMT\Code\ConsoleApplication1\ConsoleApplication1\ConsoleApplication1.cpp(503,22): warning C4305: 'argument': truncation from 'double' to 'GLfloat'
D:\Subject\ĐHMT\Code\ConsoleApplication1\ConsoleApplication1\ConsoleApplication1.cpp(503,17): warning C4305: 'argument': truncation from 'double' to 'GLfloat'
D:\Subject\ĐHMT\Code\ConsoleApplication1\ConsoleApplication1\ConsoleApplication1.cpp(503,12): warning C4305: 'argument': truncation from 'double' to 'GLfloat'
D:\Subject\ĐHMT\Code\ConsoleApplication1\ConsoleApplication1\ConsoleApplication1.cpp(513,22): warning C4305: 'argument': truncation from 'double' to 'GLfloat'
D:\Subject\ĐHMT\Code\ConsoleApplication1\ConsoleApplication1\ConsoleApplication1.cpp(513,17): warning C4305: 'argument': truncation from 'double' to 'GLfloat'
D:\Subject\ĐHMT\Code\ConsoleApplication1\ConsoleApplication1\ConsoleApplication1.cpp(513,12): warning C4305: 'argument': truncation from 'double' to 'GLfloat'
  ConsoleApplication1.vcxproj -> D:\Subject\ĐHMT\Code\ConsoleApplication1\x64\Debug\ConsoleApplication1.exe
